app/build/intermediates/manifest_merge_blame_file/debug/manifest-merger-blame-debug-report.txt
1<?xml version="1.0" encoding="utf-8"?>
2<manifest xmlns:android="http://schemas.android.com/apk/res/android"
3    xmlns:dist="http://schemas.android.com/apk/distribution"
4    package="com.example.mobidogi"
5    android:versionCode="1"
6    android:versionName="1.0" >
7
8    <uses-sdk
9        android:minSdkVersion="26"
9-->src\main\AndroidManifest.xml
10        android:targetSdkVersion="28" />
10-->src\main\AndroidManifest.xml
11
12    <uses-feature android:name="android.hardware.camera" />
12-->src\main\AndroidManifest.xml:6:3-58
12-->src\main\AndroidManifest.xml:6:17-55
13    <uses-feature android:name="android.hardware.camera.autofocus" />
13-->src\main\AndroidManifest.xml:7:3-68
13-->src\main\AndroidManifest.xml:7:17-65
14
15    <uses-permission android:name="android.permission.RECORD_AUDIO" />
15-->src\main\AndroidManifest.xml:9:3-69
15-->src\main\AndroidManifest.xml:9:20-66
16    <uses-permission android:name="android.permission.WRITE_EXTERNAL_STORAGE" />
16-->src\main\AndroidManifest.xml:10:3-79
16-->src\main\AndroidManifest.xml:10:20-76
17    <uses-permission android:name="android.permission.READ_EXTERNAL_STORAGE" />
17-->src\main\AndroidManifest.xml:11:3-78
17-->src\main\AndroidManifest.xml:11:20-75
18    <uses-permission android:name="android.permission.RECORD_VIDEO" />
18-->src\main\AndroidManifest.xml:12:3-69
18-->src\main\AndroidManifest.xml:12:20-66
19    <uses-permission android:name="android.permission.CAMERA" />
19-->src\main\AndroidManifest.xml:13:3-63
19-->src\main\AndroidManifest.xml:13:20-60
20    <uses-permission android:name="android.permission.INTERNET" />
20-->src\main\AndroidManifest.xml:14:3-65
20-->src\main\AndroidManifest.xml:14:20-62
21
22    <dist:module dist:instant="true" />
22-->src\main\AndroidManifest.xml:16:3-38
22-->src\main\AndroidManifest.xml:16:16-35
23
24    <uses-permission android:name="com.android.vending.BILLING" />
24-->[com.android.billingclient:billing:2.0.3] AndroidManifest.xml:10:5-67
24-->[com.android.billingclient:billing:2.0.3] AndroidManifest.xml:10:22-64
25
26    <application
26-->src\main\AndroidManifest.xml:18:3-76:17
27        android:allowBackup="true"
27-->src\main\AndroidManifest.xml:19:5-31
28        android:appComponentFactory="android.support.v4.app.CoreComponentFactory"
28-->[com.android.support:support-compat:28.0.0] AndroidManifest.xml:22:18-91
29        android:debuggable="true"
30        android:icon="@mipmap/ic_launcher"
30-->src\main\AndroidManifest.xml:20:5-39
31        android:label="@string/app_name"
31-->src\main\AndroidManifest.xml:21:5-37
32        android:roundIcon="@mipmap/ic_launcher_round"
32-->src\main\AndroidManifest.xml:22:5-50
33        android:supportsRtl="true"
33-->src\main\AndroidManifest.xml:23:5-31
34        android:testOnly="true"
35        android:theme="@style/AppTheme" >
35-->src\main\AndroidManifest.xml:24:5-36
36        <activity android:name="com.example.mobidogi.YksinolonkoulutusPDF" />
36-->src\main\AndroidManifest.xml:25:5-54
36-->src\main\AndroidManifest.xml:25:15-51
37        <activity android:name="com.example.mobidogi.YksinoloLuentoPDF" />
37-->src\main\AndroidManifest.xml:26:5-51
37-->src\main\AndroidManifest.xml:26:15-48
38        <activity android:name="com.example.mobidogi.YksinoloValikkoActivity" />
38-->src\main\AndroidManifest.xml:27:5-57
38-->src\main\AndroidManifest.xml:27:15-54
39        <activity android:name="com.example.mobidogi.LenkkeilyValikkoActivity" />
39-->src\main\AndroidManifest.xml:28:5-58
39-->src\main\AndroidManifest.xml:28:15-55
40        <activity android:name="com.example.mobidogi.YhteysKouluttajaanActivity" />
40-->src\main\AndroidManifest.xml:29:5-60
40-->src\main\AndroidManifest.xml:29:15-57
41        <activity
41-->src\main\AndroidManifest.xml:30:5-32:40
42            android:name="com.example.mobidogi.SecondActivity"
42-->src\main\AndroidManifest.xml:31:7-37
43            android:label="SecondActivity" />
43-->src\main\AndroidManifest.xml:32:7-37
44        <activity
44-->src\main\AndroidManifest.xml:33:5-35:40
45            android:name="com.example.mobidogi.ThirdActivity"
45-->src\main\AndroidManifest.xml:34:7-36
46            android:label=".ThirdActivity" />
46-->src\main\AndroidManifest.xml:35:7-37
47        <activity android:name="com.example.mobidogi.Treenipaivakirja" />
47-->src\main\AndroidManifest.xml:36:5-50
47-->src\main\AndroidManifest.xml:36:15-47
48        <activity android:name="com.example.mobidogi.PoisKouluttaminen" />
48-->src\main\AndroidManifest.xml:37:5-51
48-->src\main\AndroidManifest.xml:37:15-48
49        <activity android:name="com.example.mobidogi.AktivointiVinkkeja" />
49-->src\main\AndroidManifest.xml:38:5-52
49-->src\main\AndroidManifest.xml:38:15-49
50        <activity android:name="com.example.mobidogi.LuentoHairitsevakaytos" />
50-->src\main\AndroidManifest.xml:39:5-56
50-->src\main\AndroidManifest.xml:39:15-53
51        <activity android:name="com.example.mobidogi.HairitsevaKaytosValikko" />
51-->src\main\AndroidManifest.xml:40:5-57
51-->src\main\AndroidManifest.xml:40:15-54
52        <activity android:name="com.example.mobidogi.HoitotoimenpiteetOhjePDF" />
52-->src\main\AndroidManifest.xml:41:5-58
52-->src\main\AndroidManifest.xml:41:15-55
53        <activity android:name="com.example.mobidogi.LuentoHoitotoimenpiteet" />
53-->src\main\AndroidManifest.xml:42:5-57
53-->src\main\AndroidManifest.xml:42:15-54
54        <activity android:name="com.example.mobidogi.HoitotoimenpiteetValikko" />
54-->src\main\AndroidManifest.xml:43:5-58
54-->src\main\AndroidManifest.xml:43:15-55
55        <activity android:name="com.example.mobidogi.VideoPlayActivity" />
55-->src\main\AndroidManifest.xml:44:5-51
55-->src\main\AndroidManifest.xml:44:15-48
56        <activity android:name="com.example.mobidogi.LuoksetulonkoulutusPdfActivity" />
56-->src\main\AndroidManifest.xml:45:5-64
56-->src\main\AndroidManifest.xml:45:15-61
57        <activity android:name="com.example.mobidogi.LuentoLuoksetuloActivity" />
57-->src\main\AndroidManifest.xml:46:5-58
57-->src\main\AndroidManifest.xml:46:15-55
58        <activity
58-->src\main\AndroidManifest.xml:47:5-49:67
59            android:name="com.example.mobidogi.LuoksetuloValikkoActivity"
59-->src\main\AndroidManifest.xml:48:7-48
60            android:label="@string/title_activity_luoksetulo_valikko" />
60-->src\main\AndroidManifest.xml:49:7-64
61        <activity android:name="com.example.mobidogi.OhittaminenActivity" />
61-->src\main\AndroidManifest.xml:50:5-53
61-->src\main\AndroidManifest.xml:50:15-50
62        <activity android:name="com.example.mobidogi.MotivointiActivity" />
62-->src\main\AndroidManifest.xml:51:5-52
62-->src\main\AndroidManifest.xml:51:15-49
63        <activity android:name="com.example.mobidogi.UloslahtorauhallisestiActivity" />
63-->src\main\AndroidManifest.xml:52:5-64
63-->src\main\AndroidManifest.xml:52:15-61
64        <activity android:name="com.example.mobidogi.KaupunkikavelyActivity" />
64-->src\main\AndroidManifest.xml:53:5-56
64-->src\main\AndroidManifest.xml:53:15-53
65        <activity android:name="com.example.mobidogi.KauniistikavelyActivity" />
65-->src\main\AndroidManifest.xml:54:5-57
65-->src\main\AndroidManifest.xml:54:15-54
66        <activity android:name="com.example.mobidogi.ValineetActivity" />
66-->src\main\AndroidManifest.xml:55:5-50
66-->src\main\AndroidManifest.xml:55:15-47
67        <activity android:name="com.example.mobidogi.LahellapysyminenActivity" />
67-->src\main\AndroidManifest.xml:56:5-58
67-->src\main\AndroidManifest.xml:56:15-55
68        <activity android:name="com.example.mobidogi.RauhoittuminenActivity" />
68-->src\main\AndroidManifest.xml:57:5-56
68-->src\main\AndroidManifest.xml:57:15-53
69        <activity android:name="com.example.mobidogi.OmistajastapoisActivity" />
69-->src\main\AndroidManifest.xml:58:5-57
69-->src\main\AndroidManifest.xml:58:15-54
70        <activity android:name="com.example.mobidogi.KohdentaminenActivity" />
70-->src\main\AndroidManifest.xml:59:5-55
70-->src\main\AndroidManifest.xml:59:15-52
71        <activity android:name="com.example.mobidogi.EhdollistaminenActivity" />
71-->src\main\AndroidManifest.xml:60:5-57
71-->src\main\AndroidManifest.xml:60:15-54
72        <activity android:name="com.example.mobidogi.KontaktiActivity" />
72-->src\main\AndroidManifest.xml:61:5-50
72-->src\main\AndroidManifest.xml:61:15-47
73        <activity
73-->src\main\AndroidManifest.xml:62:5-64:62
74            android:name="com.example.mobidogi.HihnanKirousActivity"
74-->src\main\AndroidManifest.xml:63:7-43
75            android:label="@string/title_activity_hihnan_kirous" />
75-->src\main\AndroidManifest.xml:64:7-59
76        <activity android:name="com.example.mobidogi.LuentoOppiminenActivity" />
76-->src\main\AndroidManifest.xml:65:5-57
76-->src\main\AndroidManifest.xml:65:15-54
77        <activity
77-->src\main\AndroidManifest.xml:66:5-75:16
78            android:name="com.example.mobidogi.MainActivity"
78-->src\main\AndroidManifest.xml:67:7-35
79            android:label="MainActivity" >
79-->src\main\AndroidManifest.xml:68:7-35
80            <intent-filter>
80-->src\main\AndroidManifest.xml:69:7-74:23
81                <action android:name="android.intent.action.MAIN" />
81-->src\main\AndroidManifest.xml:70:9-61
81-->src\main\AndroidManifest.xml:70:17-58
82                <action android:name="android.intent.action.VIEW" />
82-->src\main\AndroidManifest.xml:71:9-61
82-->src\main\AndroidManifest.xml:71:17-58
83
84                <category android:name="android.intent.category.LAUNCHER" />
84-->src\main\AndroidManifest.xml:73:9-69
84-->src\main\AndroidManifest.xml:73:19-66
85            </intent-filter>
86        </activity>
87
88        <meta-data
88-->[com.android.billingclient:billing:2.0.3] AndroidManifest.xml:13:9-15:37
89            android:name="com.google.android.play.billingclient.version"
89-->[com.android.billingclient:billing:2.0.3] AndroidManifest.xml:14:13-73
90            android:value="2.0.3" />
90-->[com.android.billingclient:billing:2.0.3] AndroidManifest.xml:15:13-34
91
92        <activity
92-->[com.android.billingclient:billing:2.0.3] AndroidManifest.xml:17:9-20:75
93            android:name="com.android.billingclient.api.ProxyBillingActivity"
93-->[com.android.billingclient:billing:2.0.3] AndroidManifest.xml:18:13-78
94            android:configChanges="keyboard|keyboardHidden|screenLayout|screenSize|orientation"
94-->[com.android.billingclient:billing:2.0.3] AndroidManifest.xml:19:13-96
95            android:theme="@android:style/Theme.Translucent.NoTitleBar" />
95-->[com.android.billingclient:billing:2.0.3] AndroidManifest.xml:20:13-72
96
97        <provider
97-->[android.arch.lifecycle:extensions:1.1.1] AndroidManifest.xml:23:9-27:43
98            android:name="android.arch.lifecycle.ProcessLifecycleOwnerInitializer"
98-->[android.arch.lifecycle:extensions:1.1.1] AndroidManifest.xml:24:13-83
99            android:authorities="com.example.mobidogi.lifecycle-trojan"
99-->[android.arch.lifecycle:extensions:1.1.1] AndroidManifest.xml:25:13-68
100            android:exported="false"
100-->[android.arch.lifecycle:extensions:1.1.1] AndroidManifest.xml:26:13-37
101            android:multiprocess="true" />
101-->[android.arch.lifecycle:extensions:1.1.1] AndroidManifest.xml:27:13-40
102    </application>
103
104</manifest>